/code
/code/mezzanine_docker
2017-01-11 09:51:55 [scrapy.utils.log] INFO: Scrapy 1.3.0 started (bot: mykgb)
2017-01-11 09:51:55 [scrapy.utils.log] INFO: Overridden settings: {'NEWSPIDER_MODULE': 'mykgb.spiders', 'BOT_NAME': 'mykgb', 'SPIDER_MODULES': ['mykgb.spiders']}
2017-01-11 09:51:55 [scrapy.middleware] INFO: Enabled extensions:
['scrapy.extensions.corestats.CoreStats',
 'scrapy.extensions.telnet.TelnetConsole',
 'scrapy.extensions.logstats.LogStats']
2017-01-11 09:51:55 [scrapy.middleware] INFO: Enabled downloader middlewares:
['scrapy.downloadermiddlewares.httpauth.HttpAuthMiddleware',
 'scrapy.downloadermiddlewares.downloadtimeout.DownloadTimeoutMiddleware',
 'scrapy.downloadermiddlewares.defaultheaders.DefaultHeadersMiddleware',
 'scrapy.downloadermiddlewares.useragent.UserAgentMiddleware',
 'scrapy.downloadermiddlewares.retry.RetryMiddleware',
 'scrapy.downloadermiddlewares.redirect.MetaRefreshMiddleware',
 'scrapy.downloadermiddlewares.httpcompression.HttpCompressionMiddleware',
 'scrapy.downloadermiddlewares.redirect.RedirectMiddleware',
 'scrapy.downloadermiddlewares.cookies.CookiesMiddleware',
 'scrapy.downloadermiddlewares.stats.DownloaderStats']
2017-01-11 09:51:55 [scrapy.middleware] INFO: Enabled spider middlewares:
['scrapy.spidermiddlewares.httperror.HttpErrorMiddleware',
 'scrapy.spidermiddlewares.offsite.OffsiteMiddleware',
 'scrapy.spidermiddlewares.referer.RefererMiddleware',
 'scrapy.spidermiddlewares.urllength.UrlLengthMiddleware',
 'scrapy.spidermiddlewares.depth.DepthMiddleware']
2017-01-11 09:51:55 [scrapy.middleware] INFO: Enabled item pipelines:
[]
2017-01-11 09:51:55 [scrapy.core.engine] INFO: Spider opened
2017-01-11 09:51:55 [scrapy.extensions.logstats] INFO: Crawled 0 pages (at 0 pages/min), scraped 0 items (at 0 items/min)
2017-01-11 09:51:55 [scrapy.extensions.telnet] DEBUG: Telnet console listening on 127.0.0.1:6023
2017-01-11 09:52:06 [scrapy.core.engine] DEBUG: Crawled (200) <GET http://hq.sinajs.cn/?list=hf_CT,hf_NID,hf_PBD,hf_SND,hf_ZSD,hf_AHD,hf_CAD,hf_S,hf_W,hf_C,hf_BO,hf_SM,hf_TRB,hf_HG,hf_NG,hf_CL,hf_SI,hf_GC,hf_LHC,hf_OIL,hf_XAU,hf_XAG,hf_XPT,hf_XPD> (referer: http://www.baidu.com)
var hq_str_hf_NID="10570.00,-0.4239,10565.00,10575.00,10590.00,10470.00,17:51:26,10615.00,10550.00,235,0,0,2017-01-11,LME镍";
var hq_str_hf_NID="10570.00,-0.4239,10565.00,10575.00,10590.00,10470.00,17:51:26,10615.00,10550.00,235,0,0,2017-01-11,LME镍
LME镍
['10570.00', '-0.4239', '10565.00', '10575.00', '10590.00', '10470.00', '17:51:26', '10615.00', '10550.00', '235', '0', '0', '2017-01-11']
var hq_str_hf_PBD="2209.00,0.9137,2205.50,2207.50,2224.50,2161.50,17:51:59,2189.00,2172.00,317,0,0,2017-01-11,LME铅";
var hq_str_hf_PBD="2209.00,0.9137,2205.50,2207.50,2224.50,2161.50,17:51:59,2189.00,2172.00,317,0,0,2017-01-11,LME铅
LME铅
['2209.00', '0.9137', '2205.50', '2207.50', '2224.50', '2161.50', '17:51:59', '2189.00', '2172.00', '317', '0', '0', '2017-01-11']
var hq_str_hf_SND="21145.00,-0.0236,21125.00,21160.00,21175.00,21100.00,17:50:55,21150.00,21150.00,21,0,0,2017-01-11,LME锡";
var hq_str_hf_SND="21145.00,-0.0236,21125.00,21160.00,21175.00,21100.00,17:50:55,21150.00,21150.00,21,0,0,2017-01-11,LME锡
LME锡
['21145.00', '-0.0236', '21125.00', '21160.00', '21175.00', '21100.00', '17:50:55', '21150.00', '21150.00', '21', '0', '0', '2017-01-11']
var hq_str_hf_ZSD="2731.50,0.4228,2731.00,2732.50,2750.00,2705.00,17:51:59,2720.00,2708.00,737,0,0,2017-01-11,LME锌";
var hq_str_hf_ZSD="2731.50,0.4228,2731.00,2732.50,2750.00,2705.00,17:51:59,2720.00,2708.00,737,0,0,2017-01-11,LME锌
LME锌
['2731.50', '0.4228', '2731.00', '2732.50', '2750.00', '2705.00', '17:51:59', '2720.00', '2708.00', '737', '0', '0', '2017-01-11']
var hq_str_hf_AHD="1748.50,-0.0286,1748.00,1748.50,1753.50,1741.00,17:50:33,1749.00,1744.00,534,0,0,2017-01-11,LME铝";
var hq_str_hf_AHD="1748.50,-0.0286,1748.00,1748.50,1753.50,1741.00,17:50:33,1749.00,1744.00,534,0,0,2017-01-11,LME铝
LME铝
['1748.50', '-0.0286', '1748.00', '1748.50', '1753.50', '1741.00', '17:50:33', '1749.00', '1744.00', '534', '0', '0', '2017-01-11']
var hq_str_hf_CAD="5745.00,-0.2258,5745.00,5746.50,5788.50,5728.00,17:51:48,5758.00,5745.00,1371,0,0,2017-01-11,LME铜";
var hq_str_hf_CAD="5745.00,-0.2258,5745.00,5746.50,5788.50,5728.00,17:51:48,5758.00,5745.00,1371,0,0,2017-01-11,LME铜
LME铜
['5745.00', '-0.2258', '5745.00', '5746.50', '5788.50', '5728.00', '17:51:48', '5758.00', '5745.00', '1371', '0', '0', '2017-01-11']
var hq_str_hf_S="1012.75,-0.0986,1012.50,1012.75,1016.50,1007.00,17:51:36,1013.75,1013.00,990,0,0,2017-01-11,CBOT黄豆";
var hq_str_hf_S="1012.75,-0.0986,1012.50,1012.75,1016.50,1007.00,17:51:36,1013.75,1013.00,990,0,0,2017-01-11,CBOT黄豆
CBOT黄豆
['1012.75', '-0.0986', '1012.50', '1012.75', '1016.50', '1007.00', '17:51:36', '1013.75', '1013.00', '990', '0', '0', '2017-01-11']
var hq_str_hf_W="424.25,-0.5858,424.25,424.50,426.25,424.25,17:51:36,426.75,426.00,146,0,0,2017-01-11,CBOT小麦";
var hq_str_hf_W="424.25,-0.5858,424.25,424.50,426.25,424.25,17:51:36,426.75,426.00,146,0,0,2017-01-11,CBOT小麦
CBOT小麦
['424.25', '-0.5858', '424.25', '424.50', '426.25', '424.25', '17:51:36', '426.75', '426.00', '146', '0', '0', '2017-01-11']
var hq_str_hf_C="357.25,-0.2791,357.25,357.50,357.75,356.50,17:52:00,358.25,357.50,164,0,0,2017-01-11,CBOT玉米";
var hq_str_hf_C="357.25,-0.2791,357.25,357.50,357.75,356.50,17:52:00,358.25,357.50,164,0,0,2017-01-11,CBOT玉米
CBOT玉米
['357.25', '-0.2791', '357.25', '357.50', '357.75', '356.50', '17:52:00', '358.25', '357.50', '164', '0', '0', '2017-01-11']
var hq_str_hf_BO="35.74,0.2806,35.73,35.74,35.74,35.38,17:51:49,35.64,35.61,689,0,0,2017-01-11,CBOT黄豆油";
var hq_str_hf_BO="35.74,0.2806,35.73,35.74,35.74,35.38,17:51:49,35.64,35.61,689,0,0,2017-01-11,CBOT黄豆油
CBOT黄豆油
['35.74', '0.2806', '35.73', '35.74', '35.74', '35.38', '17:51:49', '35.64', '35.61', '689', '0', '0', '2017-01-11']
var hq_str_hf_SM="316.6,-0.2835,316.5,316.6,318.2,315.6,17:51:49,317.5,317.4,385,0,0,2017-01-11,CBOT黄豆粉";
var hq_str_hf_SM="316.6,-0.2835,316.5,316.6,318.2,315.6,17:51:49,317.5,317.4,385,0,0,2017-01-11,CBOT黄豆粉
CBOT黄豆粉
['316.6', '-0.2835', '316.5', '316.6', '318.2', '315.6', '17:51:49', '317.5', '317.4', '385', '0', '0', '2017-01-11']
var hq_str_hf_TRB="290.9,0.6574,290.5,290.9,293.4,280.0,17:51:58,289.0,284.7,571,0,0,2017-01-11,日本橡胶";
var hq_str_hf_TRB="290.9,0.6574,290.5,290.9,293.4,280.0,17:51:58,289.0,284.7,571,0,0,2017-01-11,日本橡胶
日本橡胶
['290.9', '0.6574', '290.5', '290.9', '293.4', '280.0', '17:51:58', '289.0', '284.7', '571', '0', '0', '2017-01-11']
var hq_str_hf_HG="261.10,-0.0574,261.10,261.15,263.10,260.35,17:51:49,261.25,260.95,2793,0,0,2017-01-11,COMEX铜";
var hq_str_hf_HG="261.10,-0.0574,261.10,261.15,263.10,260.35,17:51:49,261.25,260.95,2793,0,0,2017-01-11,COMEX铜
COMEX铜
['261.10', '-0.0574', '261.10', '261.15', '263.10', '260.35', '17:51:49', '261.25', '260.95', '2793', '0', '0', '2017-01-11']
var hq_str_hf_NG="3.220,-1.7694,3.219,3.221,3.280,3.213,17:51:59,3.278,3.272,1848,0,0,2017-01-11,NYMEX天然气";
var hq_str_hf_NG="3.220,-1.7694,3.219,3.221,3.280,3.213,17:51:59,3.278,3.272,1848,0,0,2017-01-11,NYMEX天然气
NYMEX天然气
['3.220', '-1.7694', '3.219', '3.221', '3.280', '3.213', '17:51:59', '3.278', '3.272', '1848', '0', '0', '2017-01-11']
var hq_str_hf_CL="51.28,0.9052,51.27,51.28,51.33,50.78,17:51:59,50.82,50.82,5076,0,0,2017-01-11,NYMEX原油";
var hq_str_hf_CL="51.28,0.9052,51.27,51.28,51.33,50.78,17:51:59,50.82,50.82,5076,0,0,2017-01-11,NYMEX原油
NYMEX原油
['51.28', '0.9052', '51.27', '51.28', '51.33', '50.78', '17:51:59', '50.82', '50.82', '5076', '0', '0', '2017-01-11']
var hq_str_hf_SI="16.830,-0.1187,16.830,16.830,16.890,16.790,17:51:13,16.850,16.840,793,0,0,2017-01-11,COMEX白银";
var hq_str_hf_SI="16.830,-0.1187,16.830,16.830,16.890,16.790,17:51:13,16.850,16.840,793,0,0,2017-01-11,COMEX白银
COMEX白银
['16.830', '-0.1187', '16.830', '16.830', '16.890', '16.790', '17:51:13', '16.850', '16.840', '793', '0', '0', '2017-01-11']
var hq_str_hf_GC="1188.4,0.2446,1188.3,1188.4,1191.5,1185.7,17:51:55,1185.5,1187.9,5997,0,0,2017-01-11,COMEX黄金";
var hq_str_hf_GC="1188.4,0.2446,1188.3,1188.4,1191.5,1185.7,17:51:55,1185.5,1187.9,5997,0,0,2017-01-11,COMEX黄金
COMEX黄金
['1188.4', '0.2446', '1188.3', '1188.4', '1191.5', '1185.7', '17:51:55', '1185.5', '1187.9', '5997', '0', '0', '2017-01-11']
var hq_str_hf_LHC="64.250,0.7843,64.225,64.250,64.400,63.825,23:59:59,63.750,64.200,371,0,0,2017-01-10,CME瘦猪肉";
var hq_str_hf_LHC="64.250,0.7843,64.225,64.250,64.400,63.825,23:59:59,63.750,64.200,371,0,0,2017-01-10,CME瘦猪肉
CME瘦猪肉
['64.250', '0.7843', '64.225', '64.250', '64.400', '63.825', '23:59:59', '63.750', '64.200', '371', '0', '0', '2017-01-10']
var hq_str_hf_OIL="54.20,1.0252,54.19,54.20,55.36,53.58,17:52:01,53.65,53.80,3312,15,4,2017-01-11,布伦特原油";
var hq_str_hf_OIL="54.20,1.0252,54.19,54.20,55.36,53.58,17:52:01,53.65,53.80,3312,15,4,2017-01-11,布伦特原油
布伦特原油
['54.20', '1.0252', '54.19', '54.20', '55.36', '53.58', '17:52:01', '53.65', '53.80', '3312', '15', '4', '2017-01-11']
var hq_str_hf_XAU="1188.45,0.8349,1188.45,1188.75,1191.39,1185.74,17:51:45,1178.61,1184.25,0,0,0,2017-01-11,伦敦金";
var hq_str_hf_XAU="1188.45,0.8349,1188.45,1188.75,1191.39,1185.74,17:51:45,1178.61,1184.25,0,0,0,2017-01-11,伦敦金
伦敦金
['1188.45', '0.8349', '1188.45', '1188.75', '1191.39', '1185.74', '17:51:45', '1178.61', '1184.25', '0', '0', '0', '2017-01-11']
var hq_str_hf_XAG="16.794,1.4541,16.794,16.814,16.860,16.759,17:51:45,16.553,16.636,0,0,0,2017-01-11,伦敦银";
var hq_str_hf_XAG="16.794,1.4541,16.794,16.814,16.860,16.759,17:51:45,16.553,16.636,0,0,0,2017-01-11,伦敦银
伦敦银
['16.794', '1.4541', '16.794', '16.814', '16.860', '16.759', '17:51:45', '16.553', '16.636', '0', '0', '0', '2017-01-11']
var hq_str_hf_XPT="977.91,1.0175,977.91,979.38,982.90,974.40,17:51:45,968.06,979.31,0,0,0,2017-01-11,伦敦铂金";
var hq_str_hf_XPT="977.91,1.0175,977.91,979.38,982.90,974.40,17:51:45,968.06,979.31,0,0,0,2017-01-11,伦敦铂金
伦敦铂金
['977.91', '1.0175', '977.91', '979.38', '982.90', '974.40', '17:51:45', '968.06', '979.31', '0', '0', '0', '2017-01-11']
2017-01-11 09:52:06 [scrapy.core.engine] INFO: Closing spider (finished)
2017-01-11 09:52:06 [scrapy.statscollectors] INFO: Dumping Scrapy stats:
{'downloader/request_bytes': 306,
 'downloader/request_count': 1,
 'downloader/request_method_count/GET': 1,
 'downloader/response_bytes': 1129,
 'downloader/response_count': 1,
 'downloader/response_status_count/200': 1,
 'finish_reason': 'finished',
 'finish_time': datetime.datetime(2017, 1, 11, 9, 52, 6, 883443),
 'log_count/DEBUG': 2,
 'log_count/INFO': 7,
 'response_received_count': 1,
 'scheduler/dequeued': 1,
 'scheduler/dequeued/memory': 1,
 'scheduler/enqueued': 1,
 'scheduler/enqueued/memory': 1,
 'start_time': datetime.datetime(2017, 1, 11, 9, 51, 55, 482237)}
2017-01-11 09:52:06 [scrapy.core.engine] INFO: Spider closed (finished)
/code
/code/mezzanine_docker
2017-01-11 09:55:04 [scrapy.utils.log] INFO: Scrapy 1.3.0 started (bot: mykgb)
2017-01-11 09:55:04 [scrapy.utils.log] INFO: Overridden settings: {'BOT_NAME': 'mykgb', 'SPIDER_MODULES': ['mykgb.spiders'], 'NEWSPIDER_MODULE': 'mykgb.spiders'}
2017-01-11 09:55:04 [scrapy.middleware] INFO: Enabled extensions:
['scrapy.extensions.logstats.LogStats',
 'scrapy.extensions.telnet.TelnetConsole',
 'scrapy.extensions.corestats.CoreStats']
2017-01-11 09:55:04 [scrapy.middleware] INFO: Enabled downloader middlewares:
['scrapy.downloadermiddlewares.httpauth.HttpAuthMiddleware',
 'scrapy.downloadermiddlewares.downloadtimeout.DownloadTimeoutMiddleware',
 'scrapy.downloadermiddlewares.defaultheaders.DefaultHeadersMiddleware',
 'scrapy.downloadermiddlewares.useragent.UserAgentMiddleware',
 'scrapy.downloadermiddlewares.retry.RetryMiddleware',
 'scrapy.downloadermiddlewares.redirect.MetaRefreshMiddleware',
 'scrapy.downloadermiddlewares.httpcompression.HttpCompressionMiddleware',
 'scrapy.downloadermiddlewares.redirect.RedirectMiddleware',
 'scrapy.downloadermiddlewares.cookies.CookiesMiddleware',
 'scrapy.downloadermiddlewares.stats.DownloaderStats']
2017-01-11 09:55:04 [scrapy.middleware] INFO: Enabled spider middlewares:
['scrapy.spidermiddlewares.httperror.HttpErrorMiddleware',
 'scrapy.spidermiddlewares.offsite.OffsiteMiddleware',
 'scrapy.spidermiddlewares.referer.RefererMiddleware',
 'scrapy.spidermiddlewares.urllength.UrlLengthMiddleware',
 'scrapy.spidermiddlewares.depth.DepthMiddleware']
2017-01-11 09:55:04 [scrapy.middleware] INFO: Enabled item pipelines:
[]
2017-01-11 09:55:04 [scrapy.core.engine] INFO: Spider opened
2017-01-11 09:55:04 [scrapy.extensions.logstats] INFO: Crawled 0 pages (at 0 pages/min), scraped 0 items (at 0 items/min)
2017-01-11 09:55:04 [scrapy.extensions.telnet] DEBUG: Telnet console listening on 127.0.0.1:6023
2017-01-11 09:55:06 [scrapy.core.engine] DEBUG: Crawled (200) <GET http://hq.sinajs.cn/?list=hf_CT,hf_NID,hf_PBD,hf_SND,hf_ZSD,hf_AHD,hf_CAD,hf_S,hf_W,hf_C,hf_BO,hf_SM,hf_TRB,hf_HG,hf_NG,hf_CL,hf_SI,hf_GC,hf_LHC,hf_OIL,hf_XAU,hf_XAG,hf_XPT,hf_XPD> (referer: http://www.baidu.com)
var hq_str_hf_NID="10575.00,-0.3768,10570.00,10580.00,10590.00,10470.00,17:53:59,10615.00,10550.00,238,0,0,2017-01-11,LME镍";
var hq_str_hf_NID="10575.00,-0.3768,10570.00,10580.00,10590.00,10470.00,17:53:59,10615.00,10550.00,238,0,0,2017-01-11,LME镍
LME镍
['10575.00', '-0.3768', '10570.00', '10580.00', '10590.00', '10470.00', '17:53:59', '10615.00', '10550.00', '238', '0', '0', '2017-01-11']
var hq_str_hf_PBD="2204.00,0.6852,2203.00,2206.00,2224.50,2161.50,17:54:57,2189.00,2172.00,322,0,0,2017-01-11,LME铅";
var hq_str_hf_PBD="2204.00,0.6852,2203.00,2206.00,2224.50,2161.50,17:54:57,2189.00,2172.00,322,0,0,2017-01-11,LME铅
LME铅
['2204.00', '0.6852', '2203.00', '2206.00', '2224.50', '2161.50', '17:54:57', '2189.00', '2172.00', '322', '0', '0', '2017-01-11']
var hq_str_hf_SND="21145.00,-0.0236,21125.00,21160.00,21175.00,21100.00,17:50:55,21150.00,21150.00,21,0,0,2017-01-11,LME锡";
var hq_str_hf_SND="21145.00,-0.0236,21125.00,21160.00,21175.00,21100.00,17:50:55,21150.00,21150.00,21,0,0,2017-01-11,LME锡
LME锡
['21145.00', '-0.0236', '21125.00', '21160.00', '21175.00', '21100.00', '17:50:55', '21150.00', '21150.00', '21', '0', '0', '2017-01-11']
var hq_str_hf_ZSD="2731.50,0.4228,2732.00,2732.50,2750.00,2705.00,17:54:51,2720.00,2708.00,741,0,0,2017-01-11,LME锌";
var hq_str_hf_ZSD="2731.50,0.4228,2732.00,2732.50,2750.00,2705.00,17:54:51,2720.00,2708.00,741,0,0,2017-01-11,LME锌
LME锌
['2731.50', '0.4228', '2732.00', '2732.50', '2750.00', '2705.00', '17:54:51', '2720.00', '2708.00', '741', '0', '0', '2017-01-11']
var hq_str_hf_AHD="1748.00,-0.0572,1748.00,1748.50,1753.50,1741.00,17:55:00,1749.00,1744.00,535,0,0,2017-01-11,LME铝";
var hq_str_hf_AHD="1748.00,-0.0572,1748.00,1748.50,1753.50,1741.00,17:55:00,1749.00,1744.00,535,0,0,2017-01-11,LME铝
LME铝
['1748.00', '-0.0572', '1748.00', '1748.50', '1753.50', '1741.00', '17:55:00', '1749.00', '1744.00', '535', '0', '0', '2017-01-11']
var hq_str_hf_CAD="5746.00,-0.2084,5746.00,5747.50,5788.50,5728.00,17:54:41,5758.00,5745.00,1382,0,0,2017-01-11,LME铜";
var hq_str_hf_CAD="5746.00,-0.2084,5746.00,5747.50,5788.50,5728.00,17:54:41,5758.00,5745.00,1382,0,0,2017-01-11,LME铜
LME铜
['5746.00', '-0.2084', '5746.00', '5747.50', '5788.50', '5728.00', '17:54:41', '5758.00', '5745.00', '1382', '0', '0', '2017-01-11']
var hq_str_hf_S="1012.75,-0.0986,1012.50,1012.75,1016.50,1007.00,17:54:49,1013.75,1013.00,994,0,0,2017-01-11,CBOT黄豆";
var hq_str_hf_S="1012.75,-0.0986,1012.50,1012.75,1016.50,1007.00,17:54:49,1013.75,1013.00,994,0,0,2017-01-11,CBOT黄豆
CBOT黄豆
['1012.75', '-0.0986', '1012.50', '1012.75', '1016.50', '1007.00', '17:54:49', '1013.75', '1013.00', '994', '0', '0', '2017-01-11']
var hq_str_hf_W="424.50,-0.5272,424.25,424.50,426.25,424.25,17:52:35,426.75,426.00,147,0,0,2017-01-11,CBOT小麦";
var hq_str_hf_W="424.50,-0.5272,424.25,424.50,426.25,424.25,17:52:35,426.75,426.00,147,0,0,2017-01-11,CBOT小麦
CBOT小麦
['424.50', '-0.5272', '424.25', '424.50', '426.25', '424.25', '17:52:35', '426.75', '426.00', '147', '0', '0', '2017-01-11']
var hq_str_hf_C="357.25,-0.2791,357.25,357.50,357.75,356.50,17:52:22,358.25,357.50,166,0,0,2017-01-11,CBOT玉米";
var hq_str_hf_C="357.25,-0.2791,357.25,357.50,357.75,356.50,17:52:22,358.25,357.50,166,0,0,2017-01-11,CBOT玉米
CBOT玉米
['357.25', '-0.2791', '357.25', '357.50', '357.75', '356.50', '17:52:22', '358.25', '357.50', '166', '0', '0', '2017-01-11']
var hq_str_hf_BO="35.72,0.2245,35.71,35.73,35.74,35.38,17:54:50,35.64,35.61,693,0,0,2017-01-11,CBOT黄豆油";
var hq_str_hf_BO="35.72,0.2245,35.71,35.73,35.74,35.38,17:54:50,35.64,35.61,693,0,0,2017-01-11,CBOT黄豆油
CBOT黄豆油
['35.72', '0.2245', '35.71', '35.73', '35.74', '35.38', '17:54:50', '35.64', '35.61', '693', '0', '0', '2017-01-11']
var hq_str_hf_SM="316.4,-0.3465,316.4,316.6,318.2,315.6,17:54:06,317.5,317.4,387,0,0,2017-01-11,CBOT黄豆粉";
var hq_str_hf_SM="316.4,-0.3465,316.4,316.6,318.2,315.6,17:54:06,317.5,317.4,387,0,0,2017-01-11,CBOT黄豆粉
CBOT黄豆粉
['316.4', '-0.3465', '316.4', '316.6', '318.2', '315.6', '17:54:06', '317.5', '317.4', '387', '0', '0', '2017-01-11']
var hq_str_hf_TRB="290.4,0.4844,288.8,290.8,293.4,280.0,17:55:01,289.0,284.7,574,0,0,2017-01-11,日本橡胶";
var hq_str_hf_TRB="290.4,0.4844,288.8,290.8,293.4,280.0,17:55:01,289.0,284.7,574,0,0,2017-01-11,日本橡胶
日本橡胶
['290.4', '0.4844', '288.8', '290.8', '293.4', '280.0', '17:55:01', '289.0', '284.7', '574', '0', '0', '2017-01-11']
var hq_str_hf_HG="261.15,-0.0383,261.15,261.20,263.10,260.35,17:54:15,261.25,260.95,2804,0,0,2017-01-11,COMEX铜";
var hq_str_hf_HG="261.15,-0.0383,261.15,261.20,263.10,260.35,17:54:15,261.25,260.95,2804,0,0,2017-01-11,COMEX铜
COMEX铜
['261.15', '-0.0383', '261.15', '261.20', '263.10', '260.35', '17:54:15', '261.25', '260.95', '2804', '0', '0', '2017-01-11']
var hq_str_hf_NG="3.220,-1.7694,3.218,3.221,3.280,3.213,17:54:09,3.278,3.272,1856,0,0,2017-01-11,NYMEX天然气";
var hq_str_hf_NG="3.220,-1.7694,3.218,3.221,3.280,3.213,17:54:09,3.278,3.272,1856,0,0,2017-01-11,NYMEX天然气
NYMEX天然气
['3.220', '-1.7694', '3.218', '3.221', '3.280', '3.213', '17:54:09', '3.278', '3.272', '1856', '0', '0', '2017-01-11']
var hq_str_hf_CL="51.25,0.8461,51.25,51.26,51.33,50.78,17:54:58,50.82,50.82,5125,0,0,2017-01-11,NYMEX原油";
var hq_str_hf_CL="51.25,0.8461,51.25,51.26,51.33,50.78,17:54:58,50.82,50.82,5125,0,0,2017-01-11,NYMEX原油
NYMEX原油
['51.25', '0.8461', '51.25', '51.26', '51.33', '50.78', '17:54:58', '50.82', '50.82', '5125', '0', '0', '2017-01-11']
var hq_str_hf_SI="16.830,-0.1187,16.830,16.830,16.890,16.790,17:54:41,16.850,16.840,801,0,0,2017-01-11,COMEX白银";
var hq_str_hf_SI="16.830,-0.1187,16.830,16.830,16.890,16.790,17:54:41,16.850,16.840,801,0,0,2017-01-11,COMEX白银
COMEX白银
['16.830', '-0.1187', '16.830', '16.830', '16.890', '16.790', '17:54:41', '16.850', '16.840', '801', '0', '0', '2017-01-11']
var hq_str_hf_GC="1188.2,0.2277,1188.2,1188.3,1191.5,1185.7,17:54:47,1185.5,1187.9,6017,0,0,2017-01-11,COMEX黄金";
var hq_str_hf_GC="1188.2,0.2277,1188.2,1188.3,1191.5,1185.7,17:54:47,1185.5,1187.9,6017,0,0,2017-01-11,COMEX黄金
COMEX黄金
['1188.2', '0.2277', '1188.2', '1188.3', '1191.5', '1185.7', '17:54:47', '1185.5', '1187.9', '6017', '0', '0', '2017-01-11']
var hq_str_hf_LHC="64.250,0.7843,64.225,64.250,64.400,63.825,23:59:59,63.750,64.200,371,0,0,2017-01-10,CME瘦猪肉";
var hq_str_hf_LHC="64.250,0.7843,64.225,64.250,64.400,63.825,23:59:59,63.750,64.200,371,0,0,2017-01-10,CME瘦猪肉
CME瘦猪肉
['64.250', '0.7843', '64.225', '64.250', '64.400', '63.825', '23:59:59', '63.750', '64.200', '371', '0', '0', '2017-01-10']
var hq_str_hf_OIL="54.17,0.9692,54.17,54.19,55.36,53.58,17:54:59,53.65,53.80,3360,34,30,2017-01-11,布伦特原油";
var hq_str_hf_OIL="54.17,0.9692,54.17,54.19,55.36,53.58,17:54:59,53.65,53.80,3360,34,30,2017-01-11,布伦特原油
布伦特原油
['54.17', '0.9692', '54.17', '54.19', '55.36', '53.58', '17:54:59', '53.65', '53.80', '3360', '34', '30', '2017-01-11']
var hq_str_hf_XAU="1188.27,0.8196,1188.27,1188.57,1191.39,1185.74,17:53:40,1178.61,1184.25,0,0,0,2017-01-11,伦敦金";
var hq_str_hf_XAU="1188.27,0.8196,1188.27,1188.57,1191.39,1185.74,17:53:40,1178.61,1184.25,0,0,0,2017-01-11,伦敦金
伦敦金
['1188.27', '0.8196', '1188.27', '1188.57', '1191.39', '1185.74', '17:53:40', '1178.61', '1184.25', '0', '0', '0', '2017-01-11']
var hq_str_hf_XAG="16.791,1.4317,16.791,16.811,16.860,16.759,17:53:40,16.553,16.636,0,0,0,2017-01-11,伦敦银";
var hq_str_hf_XAG="16.791,1.4317,16.791,16.811,16.860,16.759,17:53:40,16.553,16.636,0,0,0,2017-01-11,伦敦银
伦敦银
['16.791', '1.4317', '16.791', '16.811', '16.860', '16.759', '17:53:40', '16.553', '16.636', '0', '0', '0', '2017-01-11']
var hq_str_hf_XPT="978.16,1.0433,978.16,979.63,982.90,974.40,17:53:40,968.06,979.31,0,0,0,2017-01-11,伦敦铂金";
var hq_str_hf_XPT="978.16,1.0433,978.16,979.63,982.90,974.40,17:53:40,968.06,979.31,0,0,0,2017-01-11,伦敦铂金
伦敦铂金
['978.16', '1.0433', '978.16', '979.63', '982.90', '974.40', '17:53:40', '968.06', '979.31', '0', '0', '0', '2017-01-11']
2017-01-11 09:55:06 [scrapy.core.engine] INFO: Closing spider (finished)
2017-01-11 09:55:06 [scrapy.statscollectors] INFO: Dumping Scrapy stats:
{'downloader/request_bytes': 306,
 'downloader/request_count': 1,
 'downloader/request_method_count/GET': 1,
 'downloader/response_bytes': 1140,
 'downloader/response_count': 1,
 'downloader/response_status_count/200': 1,
 'finish_reason': 'finished',
 'finish_time': datetime.datetime(2017, 1, 11, 9, 55, 6, 670143),
 'log_count/DEBUG': 2,
 'log_count/INFO': 7,
 'response_received_count': 1,
 'scheduler/dequeued': 1,
 'scheduler/dequeued/memory': 1,
 'scheduler/enqueued': 1,
 'scheduler/enqueued/memory': 1,
 'start_time': datetime.datetime(2017, 1, 11, 9, 55, 4, 820205)}
2017-01-11 09:55:06 [scrapy.core.engine] INFO: Spider closed (finished)
